

Welcome to the redis service installer
This script will help you easily set up a running redis server

Please select the redis port for this instance: [6379] 6386
Please select the redis config file name [/etc/redis/6386.conf] 
Selected default - /etc/redis/6386.conf
Please select the redis log file name [/var/log/redis_6386.log] 
Selected default - /var/log/redis_6386.log
Please select the data directory for this instance [/var/lib/redis/6386] 
Selected default - /var/lib/redis/6386
Please select the redis executable path [/usr/local/bin/redis-server] 
Selected config:
Port           : 6386
Config file    : /etc/redis/6386.conf
Log file       : /var/log/redis_6386.log
Data dir       : /var/lib/redis/6386
Executable     : /usr/local/bin/redis-server
Cli Executable : /usr/local/bin/redis-cli
Is this ok? Then press ENTER to go on or Ctrl-C to abort.
Copied /tmp/6386.conf => /etc/init.d/redis_6386
Installing service...
 System start/stop links for /etc/init.d/redis_6386 already exist.
Success!
Starting Redis server...
Installation successful!


