

##
# ./redis-server
##
huagang.li@MS-7641-14102010:/usr/apps/redis/bin$ ./redis-server 
[12902] 11 Nov 13:27:41.882 # Warning: no config file specified, using the default config. In order to specify a config file use ./redis-server /path/to/redis.conf
[12902] 11 Nov 13:27:41.884 # You requested maxclients of 10000 requiring at least 10032 max file descriptors.
[12902] 11 Nov 13:27:41.884 # Redis can't set maximum open files to 10032 because of OS error: Operation not permitted.
[12902] 11 Nov 13:27:41.884 # Current maximum open files is 1024. maxclients has been reduced to 4064 to compensate for low ulimit. If you need higher maxclients increase 'ulimit -n'.
                _._                                                  
           _.-``__ ''-._                                             
      _.-``    `.  `_.  ''-._           Redis 2.8.17 (00000000/0) 64 bit
  .-`` .-```.  ```\/    _.,_ ''-._                                   
 (    '      ,       .-`  | `,    )     Running in stand alone mode
 |`-._`-...-` __...-.``-._|'` _.-'|     Port: 6379
 |    `-._   `._    /     _.-'    |     PID: 12902
  `-._    `-._  `-./  _.-'    _.-'                                   
 |`-._`-._    `-.__.-'    _.-'_.-'|                                  
 |    `-._`-._        _.-'_.-'    |           http://redis.io        
  `-._    `-._`-.__.-'_.-'    _.-'                                   
 |`-._`-._    `-.__.-'    _.-'_.-'|                                  
 |    `-._`-._        _.-'_.-'    |                                  
  `-._    `-._`-.__.-'_.-'    _.-'                                   
      `-._    `-.__.-'    _.-'                                       
          `-._        _.-'                                           
              `-.__.-'                                               

[12902] 11 Nov 13:27:41.886 # Server started, Redis version 2.8.17
[12902] 11 Nov 13:27:41.886 # WARNING overcommit_memory is set to 0! Background save may fail under low memory condition. To fix this issue add 'vm.overcommit_memory = 1' to /etc/sysctl.conf and then reboot or run the command 'sysctl vm.overcommit_memory=1' for this to take effect.
[12902] 11 Nov 13:27:41.886 * DB loaded from disk: 0.000 seconds
[12902] 11 Nov 13:27:41.886 * The server is now ready to accept connections on port 6379


##
# sudo ./redis-server
##
huagang.li@MS-7641-14102010:/usr/apps/redis/bin$ sudo ./redis-server 
[sudo] password for huagang.li: 
[12910] 11 Nov 13:30:57.138 # Warning: no config file specified, using the default config. In order to specify a config file use ./redis-server /path/to/redis.conf
[12910] 11 Nov 13:30:57.140 * Increased maximum number of open files to 10032 (it was originally set to 1024).
                _._                                                  
           _.-``__ ''-._                                             
      _.-``    `.  `_.  ''-._           Redis 2.8.17 (00000000/0) 64 bit
  .-`` .-```.  ```\/    _.,_ ''-._                                   
 (    '      ,       .-`  | `,    )     Running in stand alone mode
 |`-._`-...-` __...-.``-._|'` _.-'|     Port: 6379
 |    `-._   `._    /     _.-'    |     PID: 12910
  `-._    `-._  `-./  _.-'    _.-'                                   
 |`-._`-._    `-.__.-'    _.-'_.-'|                                  
 |    `-._`-._        _.-'_.-'    |           http://redis.io        
  `-._    `-._`-.__.-'_.-'    _.-'                                   
 |`-._`-._    `-.__.-'    _.-'_.-'|                                  
 |    `-._`-._        _.-'_.-'    |                                  
  `-._    `-._`-.__.-'_.-'    _.-'                                   
      `-._    `-.__.-'    _.-'                                       
          `-._        _.-'                                           
              `-.__.-'                                               

[12910] 11 Nov 13:30:57.141 # Server started, Redis version 2.8.17
[12910] 11 Nov 13:30:57.141 # WARNING overcommit_memory is set to 0! Background save may fail under low memory condition. To fix this issue add 'vm.overcommit_memory = 1' to /etc/sysctl.conf and then reboot or run the command 'sysctl vm.overcommit_memory=1' for this to take effect.
[12910] 11 Nov 13:30:57.142 * DB loaded from disk: 0.000 seconds
[12910] 11 Nov 13:30:57.142 * The server is now ready to accept connections on port 6379


##
# 关闭
##
^C[12910 | signal handler] (1415683883) Received SIGINT scheduling shutdown...
[12910] 11 Nov 13:31:23.722 # User requested shutdown...
[12910] 11 Nov 13:31:23.722 * Saving the final RDB snapshot before exiting.
[12910] 11 Nov 13:31:23.774 * DB saved on disk
[12910] 11 Nov 13:31:23.774 # Redis is now ready to exit, bye bye...

